# JRE version: OpenJDK Runtime Environment (8.0_242-b01) (build 1.8.0_242-release-1644-b01)
# Java VM: OpenJDK 64-Bit Server VM (25.242-b01 mixed mode windows-amd64 compressed oops)
Heap:
 PSYoungGen      total 660480K, used 326850K [0x00000000d5580000, 0x00000000ffe00000, 0x0000000100000000)
  eden space 625152K, 50% used [0x00000000d5580000,0x00000000e8805270,0x00000000fb800000)
  from space 35328K, 36% used [0x00000000fdb80000,0x00000000fe82b790,0x00000000ffe00000)
  to   space 35840K, 0% used [0x00000000fb800000,0x00000000fb800000,0x00000000fdb00000)
 ParOldGen       total 223232K, used 88635K [0x0000000080000000, 0x000000008da00000, 0x00000000d5580000)
  object space 223232K, 39% used [0x0000000080000000,0x000000008568ece8,0x000000008da00000)
 Metaspace       used 108927K, capacity 115296K, committed 115544K, reserved 1148928K
  class space    used 14218K, capacity 15428K, committed 15488K, reserved 1048576K
GC Heap History (10 events):
Event: 838.805 GC heap before
{Heap before GC invocations=20 (full 4):
 PSYoungGen      total 539136K, used 498688K [0x00000000d5580000, 0x00000000ffd00000, 0x0000000100000000)
  eden space 498688K, 100% used [0x00000000d5580000,0x00000000f3c80000,0x00000000f3c80000)
  from space 40448K, 0% used [0x00000000f3c80000,0x00000000f3c80000,0x00000000f6400000)
  to   space 38400K, 0% used [0x00000000fd780000,0x00000000fd780000,0x00000000ffd00000)
 ParOldGen       total 223232K, used 76582K [0x0000000080000000, 0x000000008da00000, 0x00000000d5580000)
  object space 223232K, 34% used [0x0000000080000000,0x0000000084ac9868,0x000000008da00000)
 Metaspace       used 93246K, capacity 98378K, committed 98636K, reserved 1134592K
  class space    used 12513K, capacity 13514K, committed 13568K, reserved 1048576K
Event: 838.823 GC heap after
Heap after GC invocations=20 (full 4):
 PSYoungGen      total 656896K, used 6482K [0x00000000d5580000, 0x00000000fff00000, 0x0000000100000000)
  eden space 618496K, 0% used [0x00000000d5580000,0x00000000d5580000,0x00000000fb180000)
  from space 38400K, 16% used [0x00000000fd780000,0x00000000fddd4b88,0x00000000ffd00000)
  to   space 38912K, 0% used [0x00000000fb180000,0x00000000fb180000,0x00000000fd780000)
 ParOldGen       total 223232K, used 76582K [0x0000000080000000, 0x000000008da00000, 0x00000000d5580000)
  object space 223232K, 34% used [0x0000000080000000,0x0000000084ac9868,0x000000008da00000)
 Metaspace       used 93246K, capacity 98378K, committed 98636K, reserved 1134592K
  class space    used 12513K, capacity 13514K, committed 13568K, reserved 1048576K
}
Event: 840.911 GC heap before
{Heap before GC invocations=21 (full 4):
 PSYoungGen      total 656896K, used 624978K [0x00000000d5580000, 0x00000000fff00000, 0x0000000100000000)
  eden space 618496K, 100% used [0x00000000d5580000,0x00000000fb180000,0x00000000fb180000)
  from space 38400K, 16% used [0x00000000fd780000,0x00000000fddd4b88,0x00000000ffd00000)
  to   space 38912K, 0% used [0x00000000fb180000,0x00000000fb180000,0x00000000fd780000)
 ParOldGen       total 223232K, used 76582K [0x0000000080000000, 0x000000008da00000, 0x00000000d5580000)
  object space 223232K, 34% used [0x0000000080000000,0x0000000084ac9868,0x000000008da00000)
 Metaspace       used 93300K, capacity 98384K, committed 98636K, reserved 1134592K
  class space    used 12514K, capacity 13515K, committed 13568K, reserved 1048576K
Event: 840.948 GC heap after
Heap after GC invocations=21 (full 4):
 PSYoungGen      total 657408K, used 17166K [0x00000000d5580000, 0x00000000ffc80000, 0x0000000100000000)
  eden space 618496K, 0% used [0x00000000d5580000,0x00000000d5580000,0x00000000fb180000)
  from space 38912K, 44% used [0x00000000fb180000,0x00000000fc243ba8,0x00000000fd780000)
  to   space 36864K, 0% used [0x00000000fd880000,0x00000000fd880000,0x00000000ffc80000)
 ParOldGen       total 223232K, used 76582K [0x0000000080000000, 0x000000008da00000, 0x00000000d5580000)
  object space 223232K, 34% used [0x0000000080000000,0x0000000084ac9868,0x000000008da00000)
 Metaspace       used 93300K, capacity 98384K, committed 98636K, reserved 1134592K
  class space    used 12514K, capacity 13515K, committed 13568K, reserved 1048576K
}
Event: 845.072 GC heap before
{Heap before GC invocations=22 (full 4):
 PSYoungGen      total 657408K, used 635662K [0x00000000d5580000, 0x00000000ffc80000, 0x0000000100000000)
  eden space 618496K, 100% used [0x00000000d5580000,0x00000000fb180000,0x00000000fb180000)
  from space 38912K, 44% used [0x00000000fb180000,0x00000000fc243ba8,0x00000000fd780000)
  to   space 36864K, 0% used [0x00000000fd880000,0x00000000fd880000,0x00000000ffc80000)
 ParOldGen       total 223232K, used 76582K [0x0000000080000000, 0x000000008da00000, 0x00000000d5580000)
  object space 223232K, 34% used [0x0000000080000000,0x0000000084ac9868,0x000000008da00000)
 Metaspace       used 93395K, capacity 98484K, committed 98636K, reserved 1134592K
  class space    used 12518K, capacity 13521K, committed 13568K, reserved 1048576K
Event: 845.081 GC heap after
Heap after GC invocations=22 (full 4):
 PSYoungGen      total 658944K, used 7156K [0x00000000d5580000, 0x00000000ffd00000, 0x0000000100000000)
  eden space 622080K, 0% used [0x00000000d5580000,0x00000000d5580000,0x00000000fb500000)
  from space 36864K, 19% used [0x00000000fd880000,0x00000000fdf7d110,0x00000000ffc80000)
  to   space 36352K, 0% used [0x00000000fb500000,0x00000000fb500000,0x00000000fd880000)
 ParOldGen       total 223232K, used 78647K [0x0000000080000000, 0x000000008da00000, 0x00000000d5580000)
  object space 223232K, 35% used [0x0000000080000000,0x0000000084ccdec0,0x000000008da00000)
 Metaspace       used 93395K, capacity 98484K, committed 98636K, reserved 1134592K
  class space    used 12518K, capacity 13521K, committed 13568K, reserved 1048576K
}
Event: 899.903 GC heap before
{Heap before GC invocations=23 (full 4):
 PSYoungGen      total 658944K, used 629236K [0x00000000d5580000, 0x00000000ffd00000, 0x0000000100000000)
  eden space 622080K, 100% used [0x00000000d5580000,0x00000000fb500000,0x00000000fb500000)
  from space 36864K, 19% used [0x00000000fd880000,0x00000000fdf7d110,0x00000000ffc80000)
  to   space 36352K, 0% used [0x00000000fb500000,0x00000000fb500000,0x00000000fd880000)
 ParOldGen       total 223232K, used 78647K [0x0000000080000000, 0x000000008da00000, 0x00000000d5580000)
  object space 223232K, 35% used [0x0000000080000000,0x0000000084ccdec0,0x000000008da00000)
 Metaspace       used 105942K, capacity 111514K, committed 111704K, reserved 1146880K
  class space    used 14011K, capacity 15121K, committed 15232K, reserved 1048576K
Event: 899.923 GC heap after
Heap after GC invocations=23 (full 4):
 PSYoungGen      total 658432K, used 23795K [0x00000000d5580000, 0x0000000100000000, 0x0000000100000000)
  eden space 622080K, 0% used [0x00000000d5580000,0x00000000d5580000,0x00000000fb500000)
  from space 36352K, 65% used [0x00000000fb500000,0x00000000fcc3cc80,0x00000000fd880000)
  to   space 37376K, 0% used [0x00000000fdb80000,0x00000000fdb80000,0x0000000100000000)
 ParOldGen       total 223232K, used 79915K [0x0000000080000000, 0x000000008da00000, 0x00000000d5580000)
  object space 223232K, 35% used [0x0000000080000000,0x0000000084e0ac10,0x000000008da00000)
 Metaspace       used 105942K, capacity 111514K, committed 111704K, reserved 1146880K
  class space    used 14011K, capacity 15121K, committed 15232K, reserved 1048576K
}
Event: 2776.602 GC heap before
{Heap before GC invocations=24 (full 4):
 PSYoungGen      total 658432K, used 645875K [0x00000000d5580000, 0x0000000100000000, 0x0000000100000000)
  eden space 622080K, 100% used [0x00000000d5580000,0x00000000fb500000,0x00000000fb500000)
  from space 36352K, 65% used [0x00000000fb500000,0x00000000fcc3cc80,0x00000000fd880000)
  to   space 37376K, 0% used [0x00000000fdb80000,0x00000000fdb80000,0x0000000100000000)
 ParOldGen       total 223232K, used 79915K [0x0000000080000000, 0x000000008da00000, 0x00000000d5580000)
  object space 223232K, 35% used [0x0000000080000000,0x0000000084e0ac10,0x000000008da00000)
 Metaspace       used 108338K, capacity 114412K, committed 114648K, reserved 1148928K
  class space    used 14172K, capacity 15320K, committed 15360K, reserved 1048576K
Event: 2776.622 GC heap after
Heap after GC invocations=24 (full 4):
 PSYoungGen      total 660480K, used 12973K [0x00000000d5580000, 0x00000000ffe00000, 0x0000000100000000)
  eden space 625152K, 0% used [0x00000000d5580000,0x00000000d5580000,0x00000000fb800000)
  from space 35328K, 36% used [0x00000000fdb80000,0x00000000fe82b790,0x00000000ffe00000)
  to   space 35840K, 0% used [0x00000000fb800000,0x00000000fb800000,0x00000000fdb00000)
 ParOldGen       total 223232K, used 88635K [0x0000000080000000, 0x000000008da00000, 0x00000000d5580000)
  object space 223232K, 39% used [0x0000000080000000,0x000000008568ece8,0x000000008da00000)
 Metaspace       used 108338K, capacity 114412K, committed 114648K, reserved 1148928K
  class space    used 14172K, capacity 15320K, committed 15360K, reserved 1048576K
}

